<?xml version="1.0" encoding="UTF-8"?>
<testsuite name="com.example.logisticks.LogisticksApplicationTests" tests="1" skipped="0" failures="0" errors="0" timestamp="2024-11-23T15:31:11" hostname="keshav-chandak-HP-Pavilion-Laptop-14-ec1xxx" time="0.299">
  <properties/>
  <testcase name="contextLoads()" classname="com.example.logisticks.LogisticksApplicationTests" time="0.299"/>
  <system-out><![CDATA[21:01:10.153 [Test worker] DEBUG org.springframework.boot.test.context.SpringBootTestContextBootstrapper -- Neither @ContextConfiguration nor @ContextHierarchy found for test class [LogisticksApplicationTests]: using SpringBootContextLoader
21:01:10.158 [Test worker] DEBUG org.springframework.test.context.support.AbstractContextLoader -- Could not detect default resource locations for test class [com.example.logisticks.LogisticksApplicationTests]: no resource found for suffixes {-context.xml, Context.groovy}.
21:01:10.159 [Test worker] INFO org.springframework.test.context.support.AnnotationConfigContextLoaderUtils -- Could not detect default configuration classes for test class [com.example.logisticks.LogisticksApplicationTests]: LogisticksApplicationTests does not declare any static, non-private, non-final, nested classes annotated with @Configuration.
21:01:10.180 [Test worker] DEBUG org.springframework.boot.test.context.SpringBootTestContextBootstrapper -- Using ContextCustomizers for test class [LogisticksApplicationTests]: [DisableObservabilityContextCustomizer, PropertyMappingContextCustomizer, Customizer, ExcludeFilterContextCustomizer, DuplicateJsonObjectContextCustomizer, MockitoContextCustomizer, TestRestTemplateContextCustomizer]
21:01:10.247 [Test worker] DEBUG org.springframework.context.annotation.ClassPathScanningCandidateComponentProvider -- Identified candidate component class: file [/home/keshav-chandak/Desktop/Logisticks/logisticks/backend/build/classes/java/main/com/example/logisticks/LogisticksApplication.class]
21:01:10.248 [Test worker] INFO org.springframework.boot.test.context.SpringBootTestContextBootstrapper -- Found @SpringBootConfiguration com.example.logisticks.LogisticksApplication for test class com.example.logisticks.LogisticksApplicationTests
21:01:10.322 [Test worker] DEBUG org.springframework.boot.test.context.SpringBootTestContextBootstrapper -- Using TestExecutionListeners for test class [LogisticksApplicationTests]: [ServletTestExecutionListener, DirtiesContextBeforeModesTestExecutionListener, ApplicationEventsTestExecutionListener, MockitoTestExecutionListener, DependencyInjectionTestExecutionListener, DirtiesContextTestExecutionListener, TransactionalTestExecutionListener, SqlScriptsTestExecutionListener, EventPublishingTestExecutionListener, RestDocsTestExecutionListener, MockRestServiceServerResetTestExecutionListener, MockMvcPrintOnlyOnFailureTestExecutionListener, WebDriverTestExecutionListener, MockWebServiceServerTestExecutionListener, ResetMocksTestExecutionListener]
21:01:10.323 [Test worker] DEBUG org.springframework.test.context.support.AbstractDirtiesContextTestExecutionListener -- Before test class: class [LogisticksApplicationTests], class annotated with @DirtiesContext [false] with mode [null]

  .   ____          _            __ _ _
 /\\ / ___'_ __ _ _(_)_ __  __ _ \ \ \ \
( ( )\___ | '_ | '_| | '_ \/ _` | \ \ \ \
 \\/  ___)| |_)| | | | | || (_| |  ) ) ) )
  '  |____| .__|_| |_|_| |_\__, | / / / /
 =========|_|==============|___/=/_/_/_/
 :: Spring Boot ::                (v3.0.5)

2024-11-23T21:01:10.576+05:30  INFO 75585 --- [    Test worker] c.e.l.LogisticksApplicationTests         : Starting LogisticksApplicationTests using Java 17.0.11 with PID 75585 (started by keshav-chandak in /home/keshav-chandak/Desktop/Logisticks/logisticks/backend)
2024-11-23T21:01:10.578+05:30  INFO 75585 --- [    Test worker] c.e.l.LogisticksApplicationTests         : No active profile set, falling back to 1 default profile: "default"
2024-11-23T21:01:11.750+05:30  INFO 75585 --- [    Test worker] c.e.l.LogisticksApplicationTests         : Started LogisticksApplicationTests in 1.39 seconds (process running for 2.337)
]]></system-out>
  <system-err><![CDATA[]]></system-err>
</testsuite>
